<?xml version="1.0" encoding="UTF-8"?>
<!-- Generated by org.testng.reporters.JUnitReportReporter -->
<testsuite hostname="LAPTOP-2M5E1F8H" failures="0" tests="2" name="testNG_Study.TestNGTest" time="112.086" errors="0" timestamp="2022-07-21T22:01:26 IST" skipped="0">
  <testcase classname="testNG_Study.TestNGTest" name="lauchmarvel" time="76.733"/>
  <system-out/>
  <testcase classname="testNG_Study.TestNGTest" name="launchdc" time="35.353"/>
  <system-out/>
</testsuite> <!-- testNG_Study.TestNGTest -->
