<?xml version="1.0" encoding="UTF-8"?>
<!-- Generated by org.testng.reporters.JUnitReportReporter -->
<testsuite hostname="LAPTOP-2M5E1F8H" failures="0" tests="3" name="testNG_P.EnabledStudy" time="0.020" errors="0" timestamp="2022-07-29T23:51:32 IST" skipped="1">
  <testcase classname="testNG_P.EnabledStudy" name="TC3" time="0.003"/>
  <system-out>
    <![CDATA[Running TC3]]>
  </system-out>
  <testcase classname="testNG_P.EnabledStudy" name="TC1" time="0.017"/>
  <system-out>
    <![CDATA[Running TC1]]>
  </system-out>
  <testcase classname="testNG_P.EnabledStudy" name="TC2">
    <skipped/>
  </testcase> <!-- TC2 -->
  <system-out/>
</testsuite> <!-- testNG_P.EnabledStudy -->
