<?xml version="1.0" encoding="UTF-8"?>
<!-- Generated by org.testng.reporters.JUnitReportReporter -->
<testsuite hostname="LAPTOP-2M5E1F8H" failures="0" tests="1" name="testNG_Study.PrintMessages" time="0.013" errors="0" timestamp="2022-07-21T22:22:00 IST" skipped="0">
  <testcase classname="testNG_Study.PrintMessages" name="PrintingWays" time="0.013"/>
  <system-out>
    <![CDATA[HI this is written in reporter without boolean value
HI this is written in reporter with boolean value]]>
  </system-out>
</testsuite> <!-- testNG_Study.PrintMessages -->
