<?xml version="1.0" encoding="UTF-8"?>
<!-- Generated by org.testng.reporters.JUnitReportReporter -->
<testsuite hostname="LAPTOP-2M5E1F8H" failures="0" tests="1" name="testNG_Study.FirstTNGclass" time="176.358" errors="0" timestamp="2022-07-20T21:53:42 IST" skipped="0">
  <testcase classname="testNG_Study.FirstTNGclass" name="TNGclass" time="176.358"/>
  <system-out/>
</testsuite> <!-- testNG_Study.FirstTNGclass -->
