<?xml version="1.0" encoding="UTF-8"?>
<!-- Generated by org.testng.reporters.JUnitReportReporter -->
<testsuite hostname="LAPTOP-2M5E1F8H" failures="0" tests="2" name="testNG_P.TestNG_Annotations" time="0.017" errors="0" timestamp="2022-07-29T23:24:55 IST" skipped="0">
  <testcase classname="testNG_P.TestNG_Annotations" name="googleTest" time="0.014"/>
  <system-out/>
  <testcase classname="testNG_P.TestNG_Annotations" name="logoTest" time="0.003"/>
  <system-out/>
</testsuite> <!-- testNG_P.TestNG_Annotations -->
