<?xml version="1.0" encoding="UTF-8"?>
<!-- Generated by org.testng.reporters.JUnitReportReporter -->
<testsuite hostname="LAPTOP-2M5E1F8H" failures="0" tests="2" name="testNG_P.CrossBrowser" time="233.272" errors="0" timestamp="2022-07-30T00:38:51 IST" skipped="0">
  <testcase classname="testNG_P.CrossBrowser" name="myMethod" time="126.583"/>
  <system-out/>
  <testcase classname="testNG_P.CrossBrowser" name="myMethod" time="106.689"/>
  <system-out/>
</testsuite> <!-- testNG_P.CrossBrowser -->
