<?xml version="1.0" encoding="UTF-8"?>
<!-- Generated by org.testng.reporters.JUnitReportReporter -->
<testsuite hostname="LAPTOP-2M5E1F8H" failures="0" tests="5" name="testNG_P.GroupStudy" time="0.028" errors="0" timestamp="2022-07-29T00:38:12 IST" skipped="0">
  <testcase classname="testNG_P.GroupStudy" name="TC6" time="0.002"/>
  <system-out>
    <![CDATA[TC6 regression Running]]>
  </system-out>
  <testcase classname="testNG_P.GroupStudy" name="TC10" time="0.021"/>
  <system-out>
    <![CDATA[TC10 Running]]>
  </system-out>
  <testcase classname="testNG_P.GroupStudy" name="TC7" time="0.002"/>
  <system-out>
    <![CDATA[TC7 sanity Running]]>
  </system-out>
  <testcase classname="testNG_P.GroupStudy" name="TC9" time="0.001"/>
  <system-out>
    <![CDATA[TC9 sanity Running]]>
  </system-out>
  <testcase classname="testNG_P.GroupStudy" name="TC8" time="0.002"/>
  <system-out>
    <![CDATA[TC8 regression Running]]>
  </system-out>
</testsuite> <!-- testNG_P.GroupStudy -->
