<?xml version="1.0" encoding="UTF-8"?>
<!-- Generated by org.testng.reporters.JUnitReportReporter -->
<testsuite hostname="LAPTOP-2M5E1F8H" failures="0" tests="2" name="testNG_P.TestNG_Basics" time="0.021" errors="0" timestamp="2022-07-28T23:22:58 IST" skipped="0">
  <testcase classname="testNG_P.TestNG_Basics" name="logoTest" time="0.004"/>
  <system-out/>
  <testcase classname="testNG_P.TestNG_Basics" name="googleTest" time="0.017"/>
  <system-out/>
</testsuite> <!-- testNG_P.TestNG_Basics -->
