<?xml version="1.0" encoding="UTF-8"?>
<!-- Generated by org.testng.reporters.JUnitReportReporter -->
<testsuite hostname="LAPTOP-2M5E1F8H" failures="0" tests="4" name="testNG_P.PrioritySequence" time="0.046" errors="0" timestamp="2022-07-29T23:42:36 IST" skipped="0">
  <testcase classname="testNG_P.PrioritySequence" name="a" time="0.025"/>
  <system-out/>
  <testcase classname="testNG_P.PrioritySequence" name="d" time="0.004"/>
  <system-out/>
  <testcase classname="testNG_P.PrioritySequence" name="c" time="0.014"/>
  <system-out/>
  <testcase classname="testNG_P.PrioritySequence" name="b" time="0.003"/>
  <system-out/>
</testsuite> <!-- testNG_P.PrioritySequence -->
