<?xml version="1.0" encoding="UTF-8"?>
<!-- Generated by org.testng.reporters.JUnitReportReporter -->
<testsuite hostname="LAPTOP-2M5E1F8H" failures="0" tests="5" name="testNG_P.ParallelExecution" time="0.022" errors="0" timestamp="2022-07-29T11:12:38 IST" skipped="0">
  <testcase classname="testNG_P.ParallelExecution" name="d" time="0.012"/>
  <system-out/>
  <testcase classname="testNG_P.ParallelExecution" name="b" time="0.002"/>
  <system-out/>
  <testcase classname="testNG_P.ParallelExecution" name="a" time="0.001"/>
  <system-out/>
  <testcase classname="testNG_P.ParallelExecution" name="c" time="0.004"/>
  <system-out/>
  <testcase classname="testNG_P.ParallelExecution" name="e" time="0.003"/>
  <system-out/>
</testsuite> <!-- testNG_P.ParallelExecution -->
